TN:
SF:src\index.ts
FN:25,(anonymous_8)
FN:43,(anonymous_9)
FN:43,(anonymous_10)
FN:49,(anonymous_11)
FN:49,(anonymous_12)
FN:74,(anonymous_13)
FNF:6
FNH:3
FNDA:68,(anonymous_8)
FNDA:0,(anonymous_9)
FNDA:0,(anonymous_10)
FNDA:14,(anonymous_11)
FNDA:14,(anonymous_12)
FNDA:0,(anonymous_13)
DA:1,14
DA:2,14
DA:3,14
DA:4,14
DA:5,14
DA:6,14
DA:7,14
DA:8,14
DA:9,14
DA:10,14
DA:11,14
DA:12,14
DA:13,14
DA:14,14
DA:15,14
DA:16,14
DA:17,14
DA:19,14
DA:21,14
DA:24,14
DA:27,68
DA:30,0
DA:31,0
DA:34,0
DA:40,14
DA:42,14
DA:43,0
DA:44,0
DA:45,0
DA:49,14
DA:50,14
DA:51,14
DA:52,14
DA:54,0
DA:55,0
DA:59,14
DA:62,14
DA:63,14
DA:64,14
DA:65,14
DA:66,14
DA:67,14
DA:68,14
DA:69,14
DA:70,14
DA:71,14
DA:73,14
DA:74,0
DA:75,0
LF:49
LH:39
BRDA:27,0,0,68
BRDA:30,1,0,0
BRDA:30,1,1,0
BRDA:42,2,0,0
BRDA:73,3,0,0
BRF:5
BRH:1
end_of_record
TN:
SF:src\constants\client-team.ts
FNF:0
FNH:0
DA:3,14
LF:1
LH:1
BRF:0
BRH:0
end_of_record
TN:
SF:src\constants\environment.ts
FNF:0
FNH:0
DA:1,15
DA:3,15
DA:5,15
DA:7,15
DA:9,15
DA:11,15
DA:13,15
DA:15,15
DA:18,15
DA:20,15
DA:22,15
DA:24,15
DA:27,15
DA:28,15
LF:14
LH:14
BRDA:5,0,0,15
BRDA:5,0,1,15
BRDA:7,1,0,15
BRDA:7,1,1,15
BRDA:9,2,0,15
BRDA:9,2,1,15
BRDA:11,3,0,15
BRDA:11,3,1,15
BRDA:13,4,0,15
BRDA:13,4,1,15
BRDA:15,5,0,15
BRDA:15,5,1,15
BRDA:18,6,0,15
BRDA:18,6,1,15
BRDA:20,7,0,15
BRDA:20,7,1,15
BRDA:22,8,0,15
BRDA:22,8,1,15
BRDA:24,9,0,15
BRDA:24,9,1,15
BRDA:27,10,0,15
BRDA:27,10,1,15
BRDA:28,11,0,15
BRDA:28,11,1,15
BRF:24
BRH:24
end_of_record
TN:
SF:src\constants\path.ts
FNF:0
FNH:0
DA:1,0
DA:3,0
LF:2
LH:0
BRF:0
BRH:0
end_of_record
TN:
SF:src\db-models\calendar.ts
FNF:0
FNH:0
DA:1,0
DA:2,0
DA:5,0
DA:24,0
LF:4
LH:0
BRF:0
BRH:0
end_of_record
TN:
SF:src\db-models\event.ts
FNF:0
FNH:0
DA:1,0
DA:2,0
DA:3,0
DA:4,0
DA:5,0
DA:6,0
DA:8,0
DA:39,0
DA:41,0
DA:46,0
DA:51,0
DA:56,0
DA:61,0
DA:66,0
LF:14
LH:0
BRF:0
BRH:0
end_of_record
TN:
SF:src\db-models\expense.ts
FNF:0
FNH:0
DA:1,0
DA:2,0
DA:3,0
DA:4,0
DA:6,0
DA:36,0
DA:37,0
DA:39,0
LF:8
LH:0
BRF:0
BRH:0
end_of_record
TN:
SF:src\db-models\note.ts
FNF:0
FNH:0
DA:1,0
DA:2,0
DA:3,0
DA:5,0
DA:47,0
DA:53,0
LF:6
LH:0
BRF:0
BRH:0
end_of_record
TN:
SF:src\db-models\priority.ts
FNF:0
FNH:0
DA:1,0
DA:2,0
DA:4,0
DA:18,0
LF:4
LH:0
BRF:0
BRH:0
end_of_record
TN:
SF:src\db-models\team.ts
FNF:0
FNH:0
DA:1,0
DA:2,0
DA:3,0
DA:5,0
DA:37,0
DA:43,0
LF:6
LH:0
BRF:0
BRH:0
end_of_record
TN:
SF:src\db-models\type.ts
FNF:0
FNH:0
DA:1,0
DA:2,0
DA:4,0
DA:17,0
LF:4
LH:0
BRF:0
BRH:0
end_of_record
TN:
SF:src\db-models\useful-links.ts
FNF:0
FNH:0
DA:1,0
DA:2,0
DA:3,0
DA:5,0
DA:32,0
DA:37,0
DA:42,0
LF:7
LH:0
BRF:0
BRH:0
end_of_record
TN:
SF:src\db-models\user-team.ts
FNF:0
FNH:0
DA:1,0
DA:2,0
DA:3,0
DA:4,0
DA:6,0
DA:25,0
DA:26,0
DA:29,0
LF:8
LH:0
BRF:0
BRH:0
end_of_record
TN:
SF:src\db-models\user.ts
FN:69,(anonymous_8)
FN:69,(anonymous_9)
FN:78,(anonymous_10)
FN:78,(anonymous_11)
FN:87,(anonymous_12)
FN:87,(anonymous_13)
FNF:6
FNH:0
FNDA:0,(anonymous_8)
FNDA:0,(anonymous_9)
FNDA:0,(anonymous_10)
FNDA:0,(anonymous_11)
FNDA:0,(anonymous_12)
FNDA:0,(anonymous_13)
DA:1,0
DA:2,0
DA:3,0
DA:4,0
DA:6,0
DA:69,0
DA:70,0
DA:71,0
DA:72,0
DA:78,0
DA:79,0
DA:80,0
DA:81,0
DA:87,0
DA:88,0
DA:89,0
DA:90,0
DA:100,0
DA:102,0
LF:19
LH:0
BRDA:70,0,0,0
BRDA:79,1,0,0
BRDA:88,2,0,0
BRF:3
BRH:0
end_of_record
TN:
SF:src\middleware\jwt.ts
FN:6,(anonymous_1)
FN:7,(anonymous_2)
FNF:2
FNH:2
FNDA:129,(anonymous_1)
FNDA:56,(anonymous_2)
DA:2,14
DA:3,14
DA:6,14
DA:7,129
DA:9,56
DA:11,56
DA:15,56
DA:16,1
DA:21,55
DA:23,55
DA:27,54
DA:29,54
DA:30,54
DA:32,1
DA:37,14
LF:15
LH:15
BRDA:11,0,0,55
BRDA:11,0,1,1
BRDA:11,1,0,56
BRDA:11,1,1,55
BRDA:15,2,0,1
BRF:5
BRH:5
end_of_record
TN:
SF:src\mocks\jest-logged-user.ts
FNF:0
FNH:0
DA:1,11
DA:2,11
DA:5,11
DA:12,11
DA:17,11
LF:5
LH:5
BRF:0
BRH:0
end_of_record
TN:
SF:src\routes\auth.ts
FN:25,(anonymous_8)
FN:25,(anonymous_9)
FN:54,(anonymous_10)
FN:54,(anonymous_11)
FN:112,(anonymous_12)
FN:112,(anonymous_13)
FN:161,(anonymous_14)
FN:161,(anonymous_15)
FN:195,(anonymous_16)
FN:195,(anonymous_17)
FN:239,(anonymous_18)
FN:239,(anonymous_19)
FNF:12
FNH:10
FNDA:3,(anonymous_8)
FNDA:3,(anonymous_9)
FNDA:3,(anonymous_10)
FNDA:3,(anonymous_11)
FNDA:2,(anonymous_12)
FNDA:2,(anonymous_13)
FNDA:4,(anonymous_14)
FNDA:4,(anonymous_15)
FNDA:3,(anonymous_16)
FNDA:3,(anonymous_17)
FNDA:0,(anonymous_18)
FNDA:0,(anonymous_19)
DA:1,14
DA:2,14
DA:3,14
DA:4,14
DA:5,14
DA:6,14
DA:9,14
DA:10,14
DA:15,14
DA:16,14
DA:17,14
DA:19,14
DA:20,14
DA:22,14
DA:25,14
DA:26,3
DA:28,3
DA:29,3
DA:32,3
DA:33,1
DA:36,2
DA:41,2
DA:42,1
DA:45,1
DA:49,0
DA:50,0
DA:54,14
DA:55,3
DA:57,3
DA:58,3
DA:61,3
DA:62,1
DA:65,2
DA:70,2
DA:71,1
DA:74,1
DA:76,0
DA:82,0
DA:83,0
DA:87,1
DA:99,1
DA:106,0
DA:107,0
DA:112,14
DA:113,2
DA:114,2
DA:116,2
DA:118,2
DA:119,1
DA:122,1
DA:124,1
DA:128,1
DA:137,1
DA:140,1
DA:145,1
DA:152,1
DA:154,1
DA:156,0
DA:157,0
DA:161,14
DA:162,4
DA:164,4
DA:166,4
DA:168,3
DA:169,1
DA:173,2
DA:174,2
DA:176,2
DA:177,1
DA:182,1
DA:188,1
DA:190,1
DA:191,1
DA:195,14
DA:196,3
DA:198,3
DA:200,3
DA:204,3
DA:205,1
DA:208,2
DA:209,1
DA:213,1
DA:214,1
DA:219,1
DA:226,1
DA:228,1
DA:234,0
DA:235,0
DA:239,14
DA:240,0
DA:241,0
DA:242,0
DA:246,0
DA:255,0
DA:258,0
DA:264,0
DA:266,0
DA:267,0
DA:271,14
LF:99
LH:79
BRDA:32,0,0,1
BRDA:41,1,0,1
BRDA:61,2,0,1
BRDA:70,3,0,1
BRDA:74,4,0,0
BRDA:82,5,0,0
BRDA:118,6,0,1
BRDA:168,7,0,1
BRDA:176,8,0,1
BRDA:204,9,0,1
BRDA:208,10,0,1
BRDA:208,11,0,0
BRDA:208,11,1,2
BRDA:208,12,0,2
BRDA:208,12,1,2
BRDA:248,13,0,0
BRDA:248,13,1,0
BRDA:248,14,0,0
BRDA:248,14,1,0
BRF:19
BRH:12
end_of_record
TN:
SF:src\routes\calendar.ts
FN:11,(anonymous_8)
FN:11,(anonymous_9)
FN:22,(anonymous_10)
FN:22,(anonymous_11)
FNF:4
FNH:4
FNDA:2,(anonymous_8)
FNDA:2,(anonymous_9)
FNDA:3,(anonymous_10)
FNDA:3,(anonymous_11)
DA:1,14
DA:2,14
DA:3,14
DA:4,14
DA:6,14
DA:8,14
DA:11,14
DA:12,2
DA:13,2
DA:14,1
DA:16,1
DA:17,1
DA:22,14
DA:23,3
DA:24,3
DA:25,3
DA:28,2
DA:29,1
DA:31,1
DA:33,1
DA:34,1
DA:38,14
LF:22
LH:22
BRDA:28,0,0,1
BRF:1
BRH:1
end_of_record
TN:
SF:src\routes\event.ts
FN:19,(anonymous_8)
FN:19,(anonymous_9)
FN:29,(anonymous_10)
FN:29,(anonymous_11)
FN:43,(anonymous_12)
FN:43,(anonymous_13)
FN:88,(anonymous_14)
FN:91,(anonymous_15)
FN:109,(anonymous_16)
FN:109,(anonymous_17)
FN:143,(anonymous_18)
FN:202,(anonymous_19)
FN:202,(anonymous_20)
FN:230,(anonymous_21)
FN:281,(anonymous_22)
FN:281,(anonymous_23)
FN:308,(anonymous_24)
FNF:17
FNH:17
FNDA:2,(anonymous_8)
FNDA:2,(anonymous_9)
FNDA:1,(anonymous_10)
FNDA:1,(anonymous_11)
FNDA:1,(anonymous_12)
FNDA:1,(anonymous_13)
FNDA:1,(anonymous_14)
FNDA:2,(anonymous_15)
FNDA:2,(anonymous_16)
FNDA:2,(anonymous_17)
FNDA:2,(anonymous_18)
FNDA:1,(anonymous_19)
FNDA:1,(anonymous_20)
FNDA:1,(anonymous_21)
FNDA:1,(anonymous_22)
FNDA:1,(anonymous_23)
FNDA:1,(anonymous_24)
DA:1,14
DA:2,14
DA:3,14
DA:4,14
DA:5,14
DA:6,14
DA:7,14
DA:11,14
DA:13,14
DA:15,14
DA:17,14
DA:19,14
DA:20,2
DA:21,2
DA:22,1
DA:24,1
DA:25,1
DA:29,14
DA:30,1
DA:31,1
DA:32,1
DA:35,1
DA:37,0
DA:38,0
DA:43,14
DA:44,1
DA:46,1
DA:48,1
DA:79,1
DA:80,0
DA:85,1
DA:89,1
DA:91,2
DA:99,1
DA:101,0
DA:102,0
DA:109,14
DA:110,2
DA:112,2
DA:114,2
DA:116,2
DA:118,2
DA:127,2
DA:128,0
DA:132,2
DA:141,2
DA:143,2
DA:146,0
DA:150,2
DA:154,2
DA:155,0
DA:159,2
DA:169,1
DA:170,0
DA:171,0
DA:172,0
DA:176,0
DA:184,1
DA:185,0
DA:192,1
DA:194,1
DA:195,1
DA:202,14
DA:203,1
DA:204,1
DA:206,1
DA:208,1
DA:210,1
DA:212,1
DA:213,0
DA:217,1
DA:224,1
DA:225,0
DA:229,1
DA:230,1
DA:233,1
DA:234,0
DA:240,1
DA:247,1
DA:256,1
DA:257,0
DA:258,0
DA:259,0
DA:263,0
DA:271,1
DA:273,0
DA:274,0
DA:281,14
DA:282,1
DA:284,1
DA:286,1
DA:288,1
DA:290,1
DA:291,0
DA:295,1
DA:302,1
DA:303,0
DA:307,1
DA:308,1
DA:311,1
DA:312,0
DA:318,1
DA:320,1
DA:321,0
DA:322,0
DA:323,0
DA:327,0
DA:335,1
DA:337,0
DA:338,0
DA:344,14
LF:111
LH:80
BRDA:44,0,0,0
BRDA:44,0,1,1
BRDA:44,1,0,1
BRDA:44,1,1,1
BRDA:79,2,0,0
BRDA:89,3,0,1
BRDA:89,3,1,0
BRDA:92,4,0,2
BRDA:92,4,1,2
BRDA:112,5,0,0
BRDA:112,5,1,2
BRDA:112,6,0,2
BRDA:112,6,1,2
BRDA:114,7,0,2
BRDA:114,7,1,2
BRDA:114,8,0,0
BRDA:114,8,1,2
BRDA:114,9,0,2
BRDA:114,9,1,2
BRDA:127,10,0,0
BRDA:141,11,0,0
BRDA:142,12,0,0
BRDA:142,12,1,2
BRDA:142,13,0,2
BRDA:142,13,1,2
BRDA:154,14,0,0
BRDA:169,15,0,0
BRDA:169,16,0,0
BRDA:169,16,1,1
BRDA:169,17,0,1
BRDA:169,17,1,1
BRDA:170,18,0,0
BRDA:170,18,1,0
BRDA:172,19,0,0
BRDA:173,20,0,0
BRDA:173,20,1,0
BRDA:184,21,0,0
BRDA:184,22,0,1
BRDA:184,22,1,0
BRDA:184,23,0,0
BRDA:184,23,1,0
BRDA:184,24,0,0
BRDA:184,24,1,0
BRDA:206,25,0,0
BRDA:206,25,1,1
BRDA:206,26,0,1
BRDA:206,26,1,1
BRDA:212,27,0,0
BRDA:224,28,0,0
BRDA:229,29,0,0
BRDA:229,29,1,1
BRDA:229,30,0,1
BRDA:229,30,1,1
BRDA:233,31,0,0
BRDA:248,32,0,1
BRDA:248,32,1,0
BRDA:248,33,0,0
BRDA:248,33,1,0
BRDA:248,34,0,0
BRDA:248,34,1,0
BRDA:249,35,0,1
BRDA:249,35,1,0
BRDA:249,36,0,0
BRDA:249,36,1,0
BRDA:249,37,0,0
BRDA:249,37,1,0
BRDA:250,38,0,1
BRDA:250,38,1,0
BRDA:250,39,0,0
BRDA:250,39,1,0
BRDA:250,40,0,0
BRDA:250,40,1,0
BRDA:251,41,0,1
BRDA:251,41,1,0
BRDA:251,42,0,0
BRDA:251,42,1,0
BRDA:251,43,0,0
BRDA:251,43,1,0
BRDA:252,44,0,0
BRDA:252,44,1,1
BRDA:252,45,0,1
BRDA:252,45,1,1
BRDA:253,46,0,0
BRDA:253,46,1,1
BRDA:253,47,0,1
BRDA:253,47,1,1
BRDA:256,48,0,0
BRDA:256,49,0,1
BRDA:256,49,1,1
BRDA:256,50,0,0
BRDA:256,50,1,1
BRDA:256,51,0,1
BRDA:256,51,1,1
BRDA:256,52,0,0
BRDA:256,52,1,1
BRDA:256,53,0,1
BRDA:256,53,1,1
BRDA:256,54,0,0
BRDA:256,54,1,1
BRDA:256,55,0,1
BRDA:256,55,1,1
BRDA:256,56,0,0
BRDA:256,56,1,1
BRDA:256,57,0,1
BRDA:256,57,1,1
BRDA:256,58,0,0
BRDA:256,58,1,1
BRDA:256,59,0,1
BRDA:256,59,1,1
BRDA:257,60,0,0
BRDA:257,60,1,0
BRDA:259,61,0,0
BRDA:260,62,0,0
BRDA:260,62,1,0
BRDA:265,63,0,0
BRDA:265,63,1,0
BRDA:265,64,0,0
BRDA:265,64,1,0
BRDA:284,65,0,0
BRDA:284,65,1,1
BRDA:284,66,0,1
BRDA:284,66,1,1
BRDA:290,67,0,0
BRDA:302,68,0,0
BRDA:307,69,0,0
BRDA:307,69,1,1
BRDA:307,70,0,1
BRDA:307,70,1,1
BRDA:311,71,0,0
BRDA:320,72,0,0
BRDA:320,73,0,1
BRDA:320,73,1,1
BRDA:320,74,0,0
BRDA:320,74,1,1
BRDA:320,75,0,1
BRDA:320,75,1,1
BRDA:320,76,0,0
BRDA:320,76,1,1
BRDA:320,77,0,1
BRDA:320,77,1,1
BRDA:320,78,0,0
BRDA:320,78,1,1
BRDA:320,79,0,1
BRDA:320,79,1,1
BRDA:320,80,0,0
BRDA:320,80,1,1
BRDA:320,81,0,1
BRDA:320,81,1,1
BRDA:320,82,0,0
BRDA:320,82,1,1
BRDA:320,83,0,1
BRDA:320,83,1,1
BRDA:321,84,0,0
BRDA:321,84,1,0
BRDA:323,85,0,0
BRDA:324,86,0,0
BRDA:324,86,1,0
BRDA:329,87,0,0
BRDA:329,87,1,0
BRDA:329,88,0,0
BRDA:329,88,1,0
BRF:161
BRH:77
end_of_record
TN:
SF:src\routes\expense.ts
FN:11,(anonymous_8)
FN:11,(anonymous_9)
FN:29,(anonymous_10)
FN:29,(anonymous_11)
FN:47,(anonymous_12)
FN:47,(anonymous_13)
FN:88,(anonymous_14)
FN:88,(anonymous_15)
FN:112,(anonymous_16)
FN:112,(anonymous_17)
FNF:10
FNH:10
FNDA:1,(anonymous_8)
FNDA:1,(anonymous_9)
FNDA:1,(anonymous_10)
FNDA:1,(anonymous_11)
FNDA:2,(anonymous_12)
FNDA:2,(anonymous_13)
FNDA:2,(anonymous_14)
FNDA:2,(anonymous_15)
FNDA:2,(anonymous_16)
FNDA:2,(anonymous_17)
DA:1,14
DA:2,14
DA:3,14
DA:4,14
DA:5,14
DA:7,14
DA:9,14
DA:11,14
DA:12,1
DA:13,1
DA:21,1
DA:23,0
DA:24,0
DA:29,14
DA:30,1
DA:31,1
DA:40,1
DA:42,0
DA:43,0
DA:47,14
DA:48,2
DA:50,2
DA:52,2
DA:54,2
DA:55,2
DA:56,0
DA:59,2
DA:61,2
DA:62,2
DA:63,0
DA:68,2
DA:78,1
DA:80,1
DA:81,1
DA:88,14
DA:89,2
DA:91,2
DA:93,2
DA:94,2
DA:95,2
DA:96,1
DA:99,1
DA:105,1
DA:107,0
DA:112,14
DA:113,2
DA:115,2
DA:116,2
DA:117,2
DA:118,0
DA:121,2
DA:122,1
DA:124,1
DA:125,1
DA:129,14
LF:55
LH:47
BRDA:32,0,0,0
BRDA:32,0,1,1
BRDA:32,1,0,1
BRDA:32,1,1,1
BRDA:50,2,0,0
BRDA:50,2,1,2
BRDA:50,3,0,2
BRDA:50,3,1,2
BRDA:55,4,0,0
BRDA:59,5,0,2
BRDA:62,6,0,0
BRDA:95,7,0,1
BRDA:117,8,0,0
BRF:13
BRH:8
end_of_record
TN:
SF:src\routes\note.ts
FN:13,(anonymous_8)
FN:13,(anonymous_9)
FN:26,(anonymous_10)
FN:26,(anonymous_11)
FN:44,(anonymous_12)
FN:44,(anonymous_13)
FN:72,(anonymous_14)
FN:72,(anonymous_15)
FN:103,(anonymous_16)
FN:103,(anonymous_17)
FN:133,(anonymous_18)
FN:133,(anonymous_19)
FNF:12
FNH:12
FNDA:1,(anonymous_8)
FNDA:1,(anonymous_9)
FNDA:1,(anonymous_10)
FNDA:1,(anonymous_11)
FNDA:1,(anonymous_12)
FNDA:1,(anonymous_13)
FNDA:1,(anonymous_14)
FNDA:1,(anonymous_15)
FNDA:1,(anonymous_16)
FNDA:1,(anonymous_17)
FNDA:1,(anonymous_18)
FNDA:1,(anonymous_19)
DA:1,14
DA:2,14
DA:3,14
DA:4,14
DA:5,14
DA:9,14
DA:11,14
DA:13,14
DA:14,1
DA:15,1
DA:18,1
DA:20,0
DA:21,0
DA:26,14
DA:27,1
DA:28,1
DA:29,1
DA:36,1
DA:38,0
DA:39,0
DA:44,14
DA:45,1
DA:46,1
DA:48,1
DA:50,1
DA:51,1
DA:52,0
DA:56,1
DA:65,1
DA:67,0
DA:68,0
DA:72,14
DA:73,1
DA:74,1
DA:76,1
DA:77,0
DA:80,1
DA:81,1
DA:83,1
DA:84,0
DA:87,1
DA:91,1
DA:95,1
DA:97,0
DA:98,0
DA:103,14
DA:104,1
DA:105,1
DA:107,1
DA:108,1
DA:109,1
DA:110,0
DA:113,1
DA:119,1
DA:126,1
DA:128,0
DA:133,14
DA:134,1
DA:136,1
DA:137,1
DA:138,1
DA:139,0
DA:142,1
DA:143,1
DA:145,0
DA:149,14
LF:66
LH:51
BRDA:27,0,0,0
BRDA:27,0,1,1
BRDA:27,1,0,1
BRDA:27,1,1,1
BRDA:46,2,0,0
BRDA:46,2,1,1
BRDA:46,3,0,1
BRDA:46,3,1,1
BRDA:51,4,0,0
BRDA:60,5,0,1
BRDA:60,5,1,0
BRDA:76,6,0,0
BRDA:83,7,0,0
BRDA:109,8,0,0
BRDA:116,9,0,1
BRDA:116,9,1,0
BRDA:138,10,0,0
BRF:17
BRH:8
end_of_record
TN:
SF:src\routes\priority.ts
FN:11,(anonymous_8)
FN:11,(anonymous_9)
FNF:2
FNH:2
FNDA:2,(anonymous_8)
FNDA:2,(anonymous_9)
DA:1,14
DA:2,14
DA:3,14
DA:7,14
DA:9,14
DA:11,14
DA:12,2
DA:13,2
DA:14,1
DA:16,1
DA:17,1
DA:21,14
LF:12
LH:12
BRF:0
BRH:0
end_of_record
TN:
SF:src\routes\team.ts
FN:16,(anonymous_8)
FN:16,(anonymous_9)
FN:27,(anonymous_10)
FN:27,(anonymous_11)
FN:66,(anonymous_12)
FN:66,(anonymous_13)
FN:80,(anonymous_14)
FN:80,(anonymous_15)
FN:108,(anonymous_16)
FN:108,(anonymous_17)
FN:129,(anonymous_18)
FN:129,(anonymous_19)
FN:165,(anonymous_20)
FN:172,(anonymous_21)
FN:177,(anonymous_22)
FN:180,(anonymous_23)
FN:186,(anonymous_24)
FN:186,(anonymous_25)
FN:198,(anonymous_26)
FN:198,(anonymous_27)
FN:218,(anonymous_28)
FN:218,(anonymous_29)
FNF:22
FNH:20
FNDA:1,(anonymous_8)
FNDA:1,(anonymous_9)
FNDA:1,(anonymous_10)
FNDA:1,(anonymous_11)
FNDA:3,(anonymous_12)
FNDA:3,(anonymous_13)
FNDA:2,(anonymous_14)
FNDA:2,(anonymous_15)
FNDA:2,(anonymous_16)
FNDA:2,(anonymous_17)
FNDA:1,(anonymous_18)
FNDA:1,(anonymous_19)
FNDA:2,(anonymous_20)
FNDA:1,(anonymous_21)
FNDA:2,(anonymous_22)
FNDA:1,(anonymous_23)
FNDA:1,(anonymous_24)
FNDA:1,(anonymous_25)
FNDA:0,(anonymous_26)
FNDA:0,(anonymous_27)
FNDA:1,(anonymous_28)
FNDA:1,(anonymous_29)
DA:1,14
DA:2,14
DA:3,14
DA:4,14
DA:5,14
DA:6,14
DA:7,14
DA:12,14
DA:14,14
DA:16,14
DA:17,1
DA:18,1
DA:19,1
DA:21,0
DA:22,0
DA:27,14
DA:28,1
DA:30,1
DA:32,1
DA:51,1
DA:52,0
DA:56,1
DA:58,1
DA:60,0
DA:61,0
DA:66,14
DA:67,3
DA:68,3
DA:69,3
DA:70,2
DA:71,1
DA:73,1
DA:75,1
DA:76,1
DA:80,14
DA:81,2
DA:82,2
DA:84,2
DA:85,2
DA:87,2
DA:88,0
DA:91,2
DA:94,1
DA:99,1
DA:101,1
DA:102,0
DA:108,2
DA:109,2
DA:115,1
DA:121,1
DA:123,1
DA:124,1
DA:129,14
DA:130,1
DA:131,1
DA:133,1
DA:135,1
DA:144,1
DA:145,0
DA:149,1
DA:156,1
DA:158,1
DA:165,2
DA:168,1
DA:171,1
DA:172,1
DA:176,1
DA:177,2
DA:179,1
DA:180,1
DA:183,1
DA:184,1
DA:186,1
DA:187,1
DA:196,1
DA:197,0
DA:198,0
DA:199,0
DA:210,1
DA:212,0
DA:213,0
DA:218,14
DA:219,1
DA:221,1
DA:223,1
DA:225,1
DA:226,0
DA:230,1
DA:232,1
DA:234,0
DA:235,0
DA:239,14
LF:92
LH:76
BRDA:28,0,0,0
BRDA:28,0,1,1
BRDA:28,1,0,1
BRDA:28,1,1,1
BRDA:51,2,0,0
BRDA:70,3,0,1
BRDA:82,4,0,0
BRDA:82,4,1,2
BRDA:82,5,0,2
BRDA:82,5,1,2
BRDA:87,6,0,0
BRDA:101,7,0,0
BRDA:144,8,0,0
BRDA:156,9,0,1
BRDA:196,10,0,0
BRDA:225,11,0,0
BRF:16
BRH:8
end_of_record
TN:
SF:src\routes\type.ts
FN:10,(anonymous_8)
FN:10,(anonymous_9)
FNF:2
FNH:2
FNDA:2,(anonymous_8)
FNDA:2,(anonymous_9)
DA:1,14
DA:2,14
DA:3,14
DA:5,14
DA:7,14
DA:10,14
DA:11,2
DA:12,2
DA:13,1
DA:15,1
DA:16,1
DA:20,14
LF:12
LH:12
BRF:0
BRH:0
end_of_record
TN:
SF:src\routes\useful-links.ts
FN:12,(anonymous_8)
FN:12,(anonymous_9)
FN:27,(anonymous_10)
FN:27,(anonymous_11)
FN:45,(anonymous_12)
FNF:5
FNH:5
FNDA:2,(anonymous_8)
FNDA:2,(anonymous_9)
FNDA:3,(anonymous_10)
FNDA:3,(anonymous_11)
FNDA:1,(anonymous_12)
DA:1,14
DA:2,14
DA:3,14
DA:7,14
DA:9,14
DA:12,14
DA:13,2
DA:14,2
DA:15,2
DA:18,1
DA:20,1
DA:21,1
DA:25,14
DA:27,3
DA:28,3
DA:29,3
DA:31,3
DA:32,1
DA:35,2
DA:37,2
DA:44,1
DA:45,1
DA:49,1
DA:50,2
DA:52,1
DA:56,1
DA:59,1
DA:68,1
DA:69,0
DA:74,1
DA:76,1
DA:77,1
DA:82,14
LF:33
LH:32
BRDA:13,0,0,0
BRDA:13,0,1,2
BRDA:13,1,0,2
BRDA:13,1,1,2
BRDA:29,2,0,0
BRDA:29,2,1,3
BRDA:29,3,0,3
BRDA:29,3,1,3
BRDA:31,4,0,1
BRDA:50,5,0,1
BRDA:50,5,1,1
BRDA:68,6,0,0
BRF:12
BRH:9
end_of_record
TN:
SF:src\routes\users.ts
FN:18,(anonymous_8)
FN:18,(anonymous_9)
FN:28,(anonymous_10)
FN:28,(anonymous_11)
FN:72,(anonymous_12)
FN:72,(anonymous_13)
FN:101,(anonymous_14)
FN:101,(anonymous_15)
FN:115,(anonymous_16)
FN:115,(anonymous_17)
FN:137,(anonymous_18)
FN:137,(anonymous_19)
FN:197,(anonymous_20)
FN:197,(anonymous_21)
FNF:14
FNH:14
FNDA:1,(anonymous_8)
FNDA:1,(anonymous_9)
FNDA:1,(anonymous_10)
FNDA:1,(anonymous_11)
FNDA:1,(anonymous_12)
FNDA:1,(anonymous_13)
FNDA:1,(anonymous_14)
FNDA:1,(anonymous_15)
FNDA:1,(anonymous_16)
FNDA:1,(anonymous_17)
FNDA:1,(anonymous_18)
FNDA:1,(anonymous_19)
FNDA:2,(anonymous_20)
FNDA:2,(anonymous_21)
DA:1,14
DA:2,14
DA:3,14
DA:4,14
DA:5,14
DA:6,14
DA:7,14
DA:8,14
DA:9,14
DA:10,14
DA:14,14
DA:16,14
DA:18,14
DA:19,1
DA:20,1
DA:21,1
DA:23,0
DA:24,0
DA:28,14
DA:29,1
DA:31,1
DA:32,1
DA:33,1
DA:34,0
DA:38,1
DA:40,1
DA:51,1
DA:58,1
DA:60,1
DA:66,0
DA:72,14
DA:73,1
DA:75,1
DA:76,1
DA:77,1
DA:78,0
DA:81,1
DA:91,1
DA:93,0
DA:101,14
DA:102,1
DA:103,1
DA:104,1
DA:105,1
DA:106,0
DA:108,1
DA:110,0
DA:111,0
DA:115,14
DA:116,1
DA:117,1
DA:119,1
DA:120,1
DA:121,1
DA:122,0
DA:125,1
DA:131,1
DA:133,0
DA:137,14
DA:138,1
DA:139,1
DA:140,1
DA:141,1
DA:142,1
DA:143,1
DA:159,1
DA:168,1
DA:170,1
DA:180,1
DA:183,1
DA:190,1
DA:192,0
DA:193,0
DA:197,14
DA:198,2
DA:199,2
DA:200,2
DA:201,2
DA:203,2
DA:208,2
DA:209,1
DA:210,0
DA:213,1
DA:218,1
DA:219,0
DA:226,1
DA:235,1
DA:237,1
DA:238,1
DA:242,14
LF:90
LH:75
BRDA:29,0,0,0
BRDA:29,0,1,1
BRDA:29,1,0,1
BRDA:29,1,1,1
BRDA:33,2,0,0
BRDA:73,3,0,0
BRDA:73,3,1,1
BRDA:73,4,0,1
BRDA:73,4,1,1
BRDA:77,5,0,0
BRDA:105,6,0,0
BRDA:121,7,0,0
BRDA:138,8,0,0
BRDA:139,9,0,0
BRDA:139,9,1,1
BRDA:139,10,0,1
BRDA:139,10,1,1
BRDA:140,11,0,0
BRDA:140,11,1,1
BRDA:140,12,0,1
BRDA:140,12,1,1
BRDA:141,13,0,0
BRDA:141,13,1,1
BRDA:141,14,0,1
BRDA:141,14,1,1
BRDA:173,15,0,0
BRDA:173,15,1,1
BRDA:173,16,0,1
BRDA:173,16,1,1
BRDA:173,17,0,0
BRDA:173,17,1,1
BRDA:173,18,0,1
BRDA:173,18,1,1
BRDA:199,19,0,0
BRDA:199,19,1,2
BRDA:199,20,0,2
BRDA:199,20,1,2
BRDA:209,21,0,0
BRDA:218,22,0,0
BRF:39
BRH:24
end_of_record
TN:
SF:src\utils\generate-confirmation-token.ts
FN:3,generateConfirmationToken
FNF:1
FNH:1
FNDA:6,generateConfirmationToken
DA:1,15
DA:3,15
DA:4,6
LF:3
LH:3
BRF:0
BRH:0
end_of_record
TN:
SF:src\utils\make-response.ts
FN:9,makeResponse
FN:15,makeResponseList
FNF:2
FNH:2
FNDA:2,makeResponse
FNDA:3,makeResponseList
DA:9,1
DA:10,2
DA:15,1
DA:16,3
LF:4
LH:4
BRF:0
BRH:0
end_of_record
TN:
SF:src\utils\send-email.ts
FN:28,(anonymous_8)
FN:28,(anonymous_9)
FN:35,createConfirmationLink
FN:39,(anonymous_11)
FN:39,(anonymous_12)
FN:61,sendConfirmationEmail
FNF:6
FNH:6
FNDA:3,(anonymous_8)
FNDA:3,(anonymous_9)
FNDA:4,createConfirmationLink
FNDA:3,(anonymous_11)
FNDA:3,(anonymous_12)
FNDA:3,sendConfirmationEmail
DA:1,15
DA:2,15
DA:3,15
DA:13,15
DA:14,15
DA:15,15
DA:17,15
DA:23,15
DA:28,15
DA:29,3
DA:30,3
DA:32,15
DA:33,15
DA:35,15
DA:36,4
DA:39,15
DA:40,3
DA:41,3
DA:55,3
DA:61,15
DA:62,3
DA:64,3
DA:70,3
LF:23
LH:23
BRF:0
BRH:0
end_of_record
TN:
SF:src\utils\send-push.ts
FN:5,(anonymous_7)
FN:5,(anonymous_8)
FN:24,(anonymous_9)
FN:24,(anonymous_10)
FNF:4
FNH:0
FNDA:0,(anonymous_7)
FNDA:0,(anonymous_8)
FNDA:0,(anonymous_9)
FNDA:0,(anonymous_10)
DA:1,14
DA:2,14
DA:5,14
DA:6,0
DA:14,0
DA:24,14
DA:25,0
DA:27,0
DA:29,0
DA:38,0
DA:40,0
DA:46,0
DA:51,0
LF:13
LH:4
BRF:0
BRH:0
end_of_record
TN:
SF:src\utils\sequelize.ts
FNF:0
FNH:0
DA:1,0
DA:2,0
DA:4,0
DA:24,0
LF:4
LH:0
BRF:0
BRH:0
end_of_record
